<?xml version="1.0" encoding="UTF-8"?>
<testng-results ignored="0" total="2" passed="1" failed="1" skipped="0">
  <reporter-output>
  </reporter-output>
  <suite started-at="2025-06-20T17:52:38 IST" name="Default suite" finished-at="2025-06-20T17:53:12 IST" duration-ms="34162">
    <groups>
    </groups>
    <test started-at="2025-06-20T17:52:38 IST" name="Default test" finished-at="2025-06-20T17:53:12 IST" duration-ms="34162">
      <class name="com.runner.Naukri_Testng">
        <test-method is-config="true" signature="extendStart()[pri:0, instance:com.runner.Naukri_Testng@66d18979]" started-at="2025-06-20T17:52:37 IST" name="extendStart" finished-at="2025-06-20T17:52:38 IST" duration-ms="883" status="PASS">
          <reporter-output>
          </reporter-output>
        </test-method> <!-- extendStart -->
        <test-method is-config="true" signature="propertySetUp()[pri:0, instance:com.runner.Naukri_Testng@66d18979]" started-at="2025-06-20T17:52:38 IST" name="propertySetUp" finished-at="2025-06-20T17:52:58 IST" duration-ms="19697" status="PASS">
          <reporter-output>
          </reporter-output>
        </test-method> <!-- propertySetUp -->
        <test-method signature="Login()[pri:0, instance:com.runner.Naukri_Testng@66d18979]" started-at="2025-06-20T17:52:58 IST" name="Login" finished-at="2025-06-20T17:53:08 IST" duration-ms="10657" status="FAIL">
          <exception class="org.junit.ComparisonFailure">
            <message>
              <![CDATA[expected:<[Murugan Velan]> but was:<[Welcome, Selenium Squad!]>]]>
            </message>
            <full-stacktrace>
              <![CDATA[org.junit.ComparisonFailure: expected:<[Murugan Velan]> but was:<[Welcome, Selenium Squad!]>
at org.junit.Assert.assertEquals(Assert.java:117)
at org.junit.Assert.assertEquals(Assert.java:146)
at com.base.Base_Class.validation(Base_Class.java:127)
at com.pageobjectmodel.LoginPage.ValidLogin(LoginPage.java:44)
at com.runner.Naukri_Testng.Login(Naukri_Testng.java:40)
at java.base/jdk.internal.reflect.DirectMethodHandleAccessor.invoke(DirectMethodHandleAccessor.java:103)
at java.base/java.lang.reflect.Method.invoke(Method.java:580)
at org.testng.internal.invokers.MethodInvocationHelper.invokeMethod(MethodInvocationHelper.java:141)
at org.testng.internal.invokers.TestInvoker.invokeMethod(TestInvoker.java:687)
at org.testng.internal.invokers.TestInvoker.invokeTestMethod(TestInvoker.java:230)
at org.testng.internal.invokers.MethodRunner.runInSequence(MethodRunner.java:63)
at org.testng.internal.invokers.TestInvoker$MethodInvocationAgent.invoke(TestInvoker.java:995)
at org.testng.internal.invokers.TestInvoker.invokeTestMethods(TestInvoker.java:203)
at org.testng.internal.invokers.TestMethodWorker.invokeTestMethods(TestMethodWorker.java:154)
at org.testng.internal.invokers.TestMethodWorker.run(TestMethodWorker.java:134)
at java.base/java.util.ArrayList.forEach(ArrayList.java:1596)
at org.testng.TestRunner.privateRun(TestRunner.java:741)
at org.testng.TestRunner.run(TestRunner.java:616)
at org.testng.SuiteRunner.runTest(SuiteRunner.java:421)
at org.testng.SuiteRunner.runSequentially(SuiteRunner.java:413)
at org.testng.SuiteRunner.privateRun(SuiteRunner.java:373)
at org.testng.SuiteRunner.run(SuiteRunner.java:312)
at org.testng.SuiteRunnerWorker.runSuite(SuiteRunnerWorker.java:52)
at org.testng.SuiteRunnerWorker.run(SuiteRunnerWorker.java:95)
at org.testng.TestNG.runSuitesSequentially(TestNG.java:1274)
at org.testng.TestNG.runSuitesLocally(TestNG.java:1208)
at org.testng.TestNG.runSuites(TestNG.java:1112)
at org.testng.TestNG.run(TestNG.java:1079)
at org.testng.remote.AbstractRemoteTestNG.run(AbstractRemoteTestNG.java:115)
at org.testng.remote.RemoteTestNG.initAndRun(RemoteTestNG.java:293)
at org.testng.remote.RemoteTestNG.main(RemoteTestNG.java:91)
]]>
            </full-stacktrace>
          </exception> <!-- org.junit.ComparisonFailure -->
          <reporter-output>
          </reporter-output>
        </test-method> <!-- Login -->
        <test-method signature="profile()[pri:0, instance:com.runner.Naukri_Testng@66d18979]" started-at="2025-06-20T17:53:09 IST" name="profile" finished-at="2025-06-20T17:53:11 IST" duration-ms="2737" status="PASS">
          <reporter-output>
          </reporter-output>
        </test-method> <!-- profile -->
        <test-method is-config="true" signature="extendEnd()[pri:0, instance:com.runner.Naukri_Testng@66d18979]" started-at="2025-06-20T17:53:12 IST" name="extendEnd" finished-at="2025-06-20T17:53:16 IST" duration-ms="3489" status="PASS">
          <reporter-output>
          </reporter-output>
        </test-method> <!-- extendEnd -->
      </class> <!-- com.runner.Naukri_Testng -->
    </test> <!-- Default test -->
  </suite> <!-- Default suite -->
</testng-results>
